<?xml version="1.0" encoding="UTF-8"?>
<testng-results skipped="0" failed="0" ignored="0" total="1" passed="1">
  <reporter-output>
  </reporter-output>
  <suite name="Default suite" duration-ms="55501" started-at="2019-10-13T05:49:12Z" finished-at="2019-10-13T05:50:08Z">
    <groups>
    </groups>
    <test name="Default test" duration-ms="55501" started-at="2019-10-13T05:49:12Z" finished-at="2019-10-13T05:50:08Z">
      <class name="testScripts.TC001">
        <test-method status="PASS" signature="launchBrowser()[pri:0, instance:testScripts.TC001@4524411f]" name="launchBrowser" is-config="true" duration-ms="8507" started-at="2019-10-13T05:49:12Z" finished-at="2019-10-13T05:49:21Z">
          <reporter-output>
          </reporter-output>
        </test-method> <!-- launchBrowser -->
        <test-method status="PASS" signature="TC001()[pri:0, instance:testScripts.TC001@4524411f]" name="TC001" duration-ms="46962" started-at="2019-10-13T05:49:21Z" finished-at="2019-10-13T05:50:08Z">
          <reporter-output>
          </reporter-output>
        </test-method> <!-- TC001 -->
      </class> <!-- testScripts.TC001 -->
    </test> <!-- Default test -->
  </suite> <!-- Default suite -->
</testng-results>
